<?xml version="1.0" encoding="UTF-8"?>
<!-- Generated by org.testng.reporters.JUnitReportReporter -->
<testsuite hostname="DESKTOP-V5HB2NV" failures="0" tests="4" name="api.Test.UserTest" time="11.999" errors="0" timestamp="2023-10-15T21:57:51 PDT" skipped="0">
  <testcase classname="api.Test.UserTest" name="setPostUserdata" time="1.712"/>
  <testcase classname="api.Test.UserTest" name="setPostUserdata" time="1.350"/>
  <testcase classname="api.Test.UserTest" name="setPostUserdata" time="7.346"/>
  <testcase classname="api.Test.UserTest" name="setPostUserdata" time="1.591"/>
</testsuite> <!-- api.Test.UserTest -->
